# JRE version: OpenJDK Runtime Environment Temurin-21.0.6+7 (21.0.6+7) (build 21.0.6+7-LTS)
# Java VM: OpenJDK 64-Bit Server VM Temurin-21.0.6+7 (21.0.6+7-LTS, mixed mode, sharing, tiered, compressed oops, compressed class ptrs, parallel gc, bsd-amd64)
Heap:
 PSYoungGen      total 10752K, used 8696K [0x00000007eab00000, 0x00000007ebb00000, 0x0000000800000000)
  eden space 5120K, 69% used [0x00000007eab00000,0x00000007eae7d248,0x00000007eb000000)
  from space 5632K, 90% used [0x00000007eb000000,0x00000007eb500e28,0x00000007eb580000)
  to   space 5632K, 0% used [0x00000007eb580000,0x00000007eb580000,0x00000007ebb00000)
 ParOldGen       total 329216K, used 329208K [0x00000007c0000000, 0x00000007d4180000, 0x00000007eab00000)
  object space 329216K, 99% used [0x00000007c0000000,0x00000007d417e100,0x00000007d4180000)
 Metaspace       used 55733K, committed 57088K, reserved 1114112K
  class space    used 5866K, committed 6464K, reserved 1048576K
GC Heap History (20 events):
Event: 52.787 GC heap before
{Heap before GC invocations=160 (full 2):
 PSYoungGen      total 8192K, used 7772K [0x00000007eab00000, 0x00000007eb580000, 0x0000000800000000)
  eden space 5632K, 98% used [0x00000007eab00000,0x00000007eb06f628,0x00000007eb080000)
  from space 2560K, 86% used [0x00000007eb080000,0x00000007eb2a7a90,0x00000007eb300000)
  to   space 2560K, 0% used [0x00000007eb300000,0x00000007eb300000,0x00000007eb580000)
 ParOldGen       total 306176K, used 305911K [0x00000007c0000000, 0x00000007d2b00000, 0x00000007eab00000)
  object space 306176K, 99% used [0x00000007c0000000,0x00000007d2abdfd8,0x00000007d2b00000)
 Metaspace       used 55720K, committed 57024K, reserved 1114112K
  class space    used 5866K, committed 6464K, reserved 1048576K
}
Event: 52.799 GC heap after
{Heap after GC invocations=160 (full 2):
 PSYoungGen      total 8192K, used 2187K [0x00000007eab00000, 0x00000007eb580000, 0x0000000800000000)
  eden space 5632K, 0% used [0x00000007eab00000,0x00000007eab00000,0x00000007eb080000)
  from space 2560K, 85% used [0x00000007eb300000,0x00000007eb522ea8,0x00000007eb580000)
  to   space 2560K, 0% used [0x00000007eb080000,0x00000007eb080000,0x00000007eb300000)
 ParOldGen       total 308224K, used 307977K [0x00000007c0000000, 0x00000007d2d00000, 0x00000007eab00000)
  object space 308224K, 99% used [0x00000007c0000000,0x00000007d2cc24d8,0x00000007d2d00000)
 Metaspace       used 55720K, committed 57024K, reserved 1114112K
  class space    used 5866K, committed 6464K, reserved 1048576K
}
Event: 52.812 GC heap before
{Heap before GC invocations=161 (full 2):
 PSYoungGen      total 8192K, used 7762K [0x00000007eab00000, 0x00000007eb580000, 0x0000000800000000)
  eden space 5632K, 98% used [0x00000007eab00000,0x00000007eb071ad0,0x00000007eb080000)
  from space 2560K, 85% used [0x00000007eb300000,0x00000007eb522ea8,0x00000007eb580000)
  to   space 2560K, 0% used [0x00000007eb080000,0x00000007eb080000,0x00000007eb300000)
 ParOldGen       total 308224K, used 307977K [0x00000007c0000000, 0x00000007d2d00000, 0x00000007eab00000)
  object space 308224K, 99% used [0x00000007c0000000,0x00000007d2cc24d8,0x00000007d2d00000)
 Metaspace       used 55720K, committed 57024K, reserved 1114112K
  class space    used 5866K, committed 6464K, reserved 1048576K
}
Event: 52.824 GC heap after
{Heap after GC invocations=161 (full 2):
 PSYoungGen      total 8192K, used 2226K [0x00000007eab00000, 0x00000007eb580000, 0x0000000800000000)
  eden space 5632K, 0% used [0x00000007eab00000,0x00000007eab00000,0x00000007eb080000)
  from space 2560K, 86% used [0x00000007eb080000,0x00000007eb2acbc8,0x00000007eb300000)
  to   space 2560K, 0% used [0x00000007eb300000,0x00000007eb300000,0x00000007eb580000)
 ParOldGen       total 310272K, used 310065K [0x00000007c0000000, 0x00000007d2f00000, 0x00000007eab00000)
  object space 310272K, 99% used [0x00000007c0000000,0x00000007d2ecc6f8,0x00000007d2f00000)
 Metaspace       used 55720K, committed 57024K, reserved 1114112K
  class space    used 5866K, committed 6464K, reserved 1048576K
}
Event: 52.837 GC heap before
{Heap before GC invocations=162 (full 2):
 PSYoungGen      total 8192K, used 7847K [0x00000007eab00000, 0x00000007eb580000, 0x0000000800000000)
  eden space 5632K, 99% used [0x00000007eab00000,0x00000007eb07d2e0,0x00000007eb080000)
  from space 2560K, 86% used [0x00000007eb080000,0x00000007eb2acbc8,0x00000007eb300000)
  to   space 2560K, 0% used [0x00000007eb300000,0x00000007eb300000,0x00000007eb580000)
 ParOldGen       total 310272K, used 310065K [0x00000007c0000000, 0x00000007d2f00000, 0x00000007eab00000)
  object space 310272K, 99% used [0x00000007c0000000,0x00000007d2ecc6f8,0x00000007d2f00000)
 Metaspace       used 55720K, committed 57024K, reserved 1114112K
  class space    used 5866K, committed 6464K, reserved 1048576K
}
Event: 52.839 GC heap after
{Heap after GC invocations=162 (full 2):
 PSYoungGen      total 8192K, used 2369K [0x00000007eab00000, 0x00000007eb580000, 0x0000000800000000)
  eden space 5632K, 0% used [0x00000007eab00000,0x00000007eab00000,0x00000007eb080000)
  from space 2560K, 92% used [0x00000007eb300000,0x00000007eb5505e8,0x00000007eb580000)
  to   space 2560K, 0% used [0x00000007eb080000,0x00000007eb080000,0x00000007eb300000)
 ParOldGen       total 312320K, used 312240K [0x00000007c0000000, 0x00000007d3100000, 0x00000007eab00000)
  object space 312320K, 99% used [0x00000007c0000000,0x00000007d30ec1c8,0x00000007d3100000)
 Metaspace       used 55720K, committed 57024K, reserved 1114112K
  class space    used 5866K, committed 6464K, reserved 1048576K
}
Event: 52.855 GC heap before
{Heap before GC invocations=163 (full 2):
 PSYoungGen      total 8192K, used 8001K [0x00000007eab00000, 0x00000007eb580000, 0x0000000800000000)
  eden space 5632K, 100% used [0x00000007eab00000,0x00000007eb080000,0x00000007eb080000)
  from space 2560K, 92% used [0x00000007eb300000,0x00000007eb5505e8,0x00000007eb580000)
  to   space 2560K, 0% used [0x00000007eb080000,0x00000007eb080000,0x00000007eb300000)
 ParOldGen       total 312320K, used 312240K [0x00000007c0000000, 0x00000007d3100000, 0x00000007eab00000)
  object space 312320K, 99% used [0x00000007c0000000,0x00000007d30ec1c8,0x00000007d3100000)
 Metaspace       used 55720K, committed 57024K, reserved 1114112K
  class space    used 5866K, committed 6464K, reserved 1048576K
}
Event: 52.857 GC heap after
{Heap after GC invocations=163 (full 2):
 PSYoungGen      total 8192K, used 2312K [0x00000007eab00000, 0x00000007eb580000, 0x0000000800000000)
  eden space 5632K, 0% used [0x00000007eab00000,0x00000007eab00000,0x00000007eb080000)
  from space 2560K, 90% used [0x00000007eb080000,0x00000007eb2c2030,0x00000007eb300000)
  to   space 2560K, 0% used [0x00000007eb300000,0x00000007eb300000,0x00000007eb580000)
 ParOldGen       total 314880K, used 314549K [0x00000007c0000000, 0x00000007d3380000, 0x00000007eab00000)
  object space 314880K, 99% used [0x00000007c0000000,0x00000007d332d520,0x00000007d3380000)
 Metaspace       used 55720K, committed 57024K, reserved 1114112K
  class space    used 5866K, committed 6464K, reserved 1048576K
}
Event: 52.871 GC heap before
{Heap before GC invocations=164 (full 2):
 PSYoungGen      total 8192K, used 7944K [0x00000007eab00000, 0x00000007eb580000, 0x0000000800000000)
  eden space 5632K, 100% used [0x00000007eab00000,0x00000007eb080000,0x00000007eb080000)
  from space 2560K, 90% used [0x00000007eb080000,0x00000007eb2c2030,0x00000007eb300000)
  to   space 2560K, 0% used [0x00000007eb300000,0x00000007eb300000,0x00000007eb580000)
 ParOldGen       total 314880K, used 314549K [0x00000007c0000000, 0x00000007d3380000, 0x00000007eab00000)
  object space 314880K, 99% used [0x00000007c0000000,0x00000007d332d520,0x00000007d3380000)
 Metaspace       used 55720K, committed 57024K, reserved 1114112K
  class space    used 5866K, committed 6464K, reserved 1048576K
}
Event: 52.896 GC heap after
{Heap after GC invocations=164 (full 2):
 PSYoungGen      total 8192K, used 2340K [0x00000007eab00000, 0x00000007eb700000, 0x0000000800000000)
  eden space 5632K, 0% used [0x00000007eab00000,0x00000007eab00000,0x00000007eb080000)
  from space 2560K, 91% used [0x00000007eb300000,0x00000007eb5490b0,0x00000007eb580000)
  to   space 2560K, 0% used [0x00000007eb080000,0x00000007eb080000,0x00000007eb300000)
 ParOldGen       total 316928K, used 316833K [0x00000007c0000000, 0x00000007d3580000, 0x00000007eab00000)
  object space 316928K, 99% used [0x00000007c0000000,0x00000007d35685f8,0x00000007d3580000)
 Metaspace       used 55720K, committed 57024K, reserved 1114112K
  class space    used 5866K, committed 6464K, reserved 1048576K
}
Event: 53.233 GC heap before
{Heap before GC invocations=165 (full 2):
 PSYoungGen      total 8192K, used 7972K [0x00000007eab00000, 0x00000007eb700000, 0x0000000800000000)
  eden space 5632K, 100% used [0x00000007eab00000,0x00000007eb080000,0x00000007eb080000)
  from space 2560K, 91% used [0x00000007eb300000,0x00000007eb5490b0,0x00000007eb580000)
  to   space 2560K, 0% used [0x00000007eb080000,0x00000007eb080000,0x00000007eb300000)
 ParOldGen       total 316928K, used 316833K [0x00000007c0000000, 0x00000007d3580000, 0x00000007eab00000)
  object space 316928K, 99% used [0x00000007c0000000,0x00000007d35685f8,0x00000007d3580000)
 Metaspace       used 55720K, committed 57024K, reserved 1114112K
  class space    used 5866K, committed 6464K, reserved 1048576K
}
Event: 53.255 GC heap after
{Heap after GC invocations=165 (full 2):
 PSYoungGen      total 8192K, used 1829K [0x00000007eab00000, 0x00000007eb600000, 0x0000000800000000)
  eden space 5632K, 0% used [0x00000007eab00000,0x00000007eab00000,0x00000007eb080000)
  from space 2560K, 71% used [0x00000007eb080000,0x00000007eb2496b8,0x00000007eb300000)
  to   space 2048K, 0% used [0x00000007eb400000,0x00000007eb400000,0x00000007eb600000)
 ParOldGen       total 319488K, used 319083K [0x00000007c0000000, 0x00000007d3800000, 0x00000007eab00000)
  object space 319488K, 99% used [0x00000007c0000000,0x00000007d379ada8,0x00000007d3800000)
 Metaspace       used 55720K, committed 57024K, reserved 1114112K
  class space    used 5866K, committed 6464K, reserved 1048576K
}
Event: 54.219 GC heap before
{Heap before GC invocations=166 (full 2):
 PSYoungGen      total 8192K, used 7461K [0x00000007eab00000, 0x00000007eb600000, 0x0000000800000000)
  eden space 5632K, 100% used [0x00000007eab00000,0x00000007eb080000,0x00000007eb080000)
  from space 2560K, 71% used [0x00000007eb080000,0x00000007eb2496b8,0x00000007eb300000)
  to   space 2048K, 0% used [0x00000007eb400000,0x00000007eb400000,0x00000007eb600000)
 ParOldGen       total 319488K, used 319083K [0x00000007c0000000, 0x00000007d3800000, 0x00000007eab00000)
  object space 319488K, 99% used [0x00000007c0000000,0x00000007d379ada8,0x00000007d3800000)
 Metaspace       used 55730K, committed 57024K, reserved 1114112K
  class space    used 5866K, committed 6464K, reserved 1048576K
}
Event: 54.233 GC heap after
{Heap after GC invocations=166 (full 2):
 PSYoungGen      total 7168K, used 1215K [0x00000007eab00000, 0x00000007eb580000, 0x0000000800000000)
  eden space 5632K, 0% used [0x00000007eab00000,0x00000007eab00000,0x00000007eb080000)
  from space 1536K, 79% used [0x00000007eb400000,0x00000007eb52fd98,0x00000007eb580000)
  to   space 1536K, 0% used [0x00000007eb280000,0x00000007eb280000,0x00000007eb400000)
 ParOldGen       total 321024K, used 320807K [0x00000007c0000000, 0x00000007d3980000, 0x00000007eab00000)
  object space 321024K, 99% used [0x00000007c0000000,0x00000007d3949ee0,0x00000007d3980000)
 Metaspace       used 55730K, committed 57024K, reserved 1114112K
  class space    used 5866K, committed 6464K, reserved 1048576K
}
Event: 54.922 GC heap before
{Heap before GC invocations=167 (full 2):
 PSYoungGen      total 7168K, used 6847K [0x00000007eab00000, 0x00000007eb580000, 0x0000000800000000)
  eden space 5632K, 100% used [0x00000007eab00000,0x00000007eb080000,0x00000007eb080000)
  from space 1536K, 79% used [0x00000007eb400000,0x00000007eb52fd98,0x00000007eb580000)
  to   space 1536K, 0% used [0x00000007eb280000,0x00000007eb280000,0x00000007eb400000)
 ParOldGen       total 321024K, used 320807K [0x00000007c0000000, 0x00000007d3980000, 0x00000007eab00000)
  object space 321024K, 99% used [0x00000007c0000000,0x00000007d3949ee0,0x00000007d3980000)
 Metaspace       used 55733K, committed 57088K, reserved 1114112K
  class space    used 5866K, committed 6464K, reserved 1048576K
}
Event: 54.943 GC heap after
{Heap after GC invocations=167 (full 2):
 PSYoungGen      total 7168K, used 1510K [0x00000007eab00000, 0x00000007ebb80000, 0x0000000800000000)
  eden space 5632K, 0% used [0x00000007eab00000,0x00000007eab00000,0x00000007eb080000)
  from space 1536K, 98% used [0x00000007eb280000,0x00000007eb3f9800,0x00000007eb400000)
  to   space 5632K, 0% used [0x00000007eb600000,0x00000007eb600000,0x00000007ebb80000)
 ParOldGen       total 324096K, used 323881K [0x00000007c0000000, 0x00000007d3c80000, 0x00000007eab00000)
  object space 324096K, 99% used [0x00000007c0000000,0x00000007d3c4a4f8,0x00000007d3c80000)
 Metaspace       used 55733K, committed 57088K, reserved 1114112K
  class space    used 5866K, committed 6464K, reserved 1048576K
}
Event: 55.452 GC heap before
{Heap before GC invocations=168 (full 2):
 PSYoungGen      total 7168K, used 7085K [0x00000007eab00000, 0x00000007ebb80000, 0x0000000800000000)
  eden space 5632K, 98% used [0x00000007eab00000,0x00000007eb071d38,0x00000007eb080000)
  from space 1536K, 98% used [0x00000007eb280000,0x00000007eb3f9800,0x00000007eb400000)
  to   space 5632K, 0% used [0x00000007eb600000,0x00000007eb600000,0x00000007ebb80000)
 ParOldGen       total 324096K, used 323881K [0x00000007c0000000, 0x00000007d3c80000, 0x00000007eab00000)
  object space 324096K, 99% used [0x00000007c0000000,0x00000007d3c4a4f8,0x00000007d3c80000)
 Metaspace       used 55733K, committed 57088K, reserved 1114112K
  class space    used 5866K, committed 6464K, reserved 1048576K
}
Event: 55.484 GC heap after
{Heap after GC invocations=168 (full 2):
 PSYoungGen      total 10752K, used 5373K [0x00000007eab00000, 0x00000007ebc80000, 0x0000000800000000)
  eden space 5120K, 0% used [0x00000007eab00000,0x00000007eab00000,0x00000007eb000000)
  from space 5632K, 95% used [0x00000007eb600000,0x00000007ebb3f740,0x00000007ebb80000)
  to   space 6144K, 0% used [0x00000007eb000000,0x00000007eb000000,0x00000007eb600000)
 ParOldGen       total 325120K, used 324677K [0x00000007c0000000, 0x00000007d3d80000, 0x00000007eab00000)
  object space 325120K, 99% used [0x00000007c0000000,0x00000007d3d114f0,0x00000007d3d80000)
 Metaspace       used 55733K, committed 57088K, reserved 1114112K
  class space    used 5866K, committed 6464K, reserved 1048576K
}
Event: 56.013 GC heap before
{Heap before GC invocations=169 (full 2):
 PSYoungGen      total 10752K, used 10493K [0x00000007eab00000, 0x00000007ebc80000, 0x0000000800000000)
  eden space 5120K, 100% used [0x00000007eab00000,0x00000007eb000000,0x00000007eb000000)
  from space 5632K, 95% used [0x00000007eb600000,0x00000007ebb3f740,0x00000007ebb80000)
  to   space 6144K, 0% used [0x00000007eb000000,0x00000007eb000000,0x00000007eb600000)
 ParOldGen       total 325120K, used 324677K [0x00000007c0000000, 0x00000007d3d80000, 0x00000007eab00000)
  object space 325120K, 99% used [0x00000007c0000000,0x00000007d3d114f0,0x00000007d3d80000)
 Metaspace       used 55733K, committed 57088K, reserved 1114112K
  class space    used 5866K, committed 6464K, reserved 1048576K
}
Event: 56.410 GC heap after
{Heap after GC invocations=169 (full 2):
 PSYoungGen      total 10752K, used 5123K [0x00000007eab00000, 0x00000007ebb00000, 0x0000000800000000)
  eden space 5120K, 0% used [0x00000007eab00000,0x00000007eab00000,0x00000007eb000000)
  from space 5632K, 90% used [0x00000007eb000000,0x00000007eb500e28,0x00000007eb580000)
  to   space 5632K, 0% used [0x00000007eb580000,0x00000007eb580000,0x00000007ebb00000)
 ParOldGen       total 329216K, used 329208K [0x00000007c0000000, 0x00000007d4180000, 0x00000007eab00000)
  object space 329216K, 99% used [0x00000007c0000000,0x00000007d417e100,0x00000007d4180000)
 Metaspace       used 55733K, committed 57088K, reserved 1114112K
  class space    used 5866K, committed 6464K, reserved 1048576K
}

